{"uid":"4b4757e66a1912dae1a509f688f20b0f","children":[{"name":"Product defects","children":[{"name":"Element not found {with text: 2095}\nExpected: visible\nScreenshot: file:/home/runner/work/AllureReport/AllureReport/build/reports/tests/1708963924160.0.png\nPage source: file:/home/runner/work/AllureReport/AllureReport/build/reports/tests/1708963924160.0.html\nTimeout: 4 s.\nCaused by: NoSuchElementException: no such element: Unable to locate element: {\"method\":\"xpath\",\"selector\":\".//*/text()[contains(normalize-space(translate(string(.), '","children":[{"name":"shouldSearchIssuesWithSteps(String) Test with steps, issues 2095","uid":"d4e62e66558e114","parentUid":"4ff0e261dae0eefca0c9afd7b449473c","status":"failed","time":{"start":1708963917572,"stop":1708963924527,"duration":6955},"flaky":false,"newFailed":false,"newPassed":false,"newBroken":false,"retriesCount":0,"retriesStatusChange":false,"parameters":["2095"],"tags":[]}],"uid":"4ff0e261dae0eefca0c9afd7b449473c"},{"name":"Element not found {with text: 2095}\nExpected: visible\nScreenshot: file:/home/runner/work/AllureReport/AllureReport/build/reports/tests/1708963932808.1.png\nPage source: file:/home/runner/work/AllureReport/AllureReport/build/reports/tests/1708963932808.1.html\nTimeout: 4 s.\nCaused by: NoSuchElementException: no such element: Unable to locate element: {\"method\":\"xpath\",\"selector\":\".//*/text()[contains(normalize-space(translate(string(.), '","children":[{"name":"shouldSearchIssuesWithStepsClass(String) Test with steps class, issues 2095","uid":"42a8bd18cd77b53a","parentUid":"22dde68532c3e4bc6494756cf35583bc","status":"failed","time":{"start":1708963926769,"stop":1708963933053,"duration":6284},"flaky":false,"newFailed":false,"newPassed":false,"newBroken":false,"retriesCount":0,"retriesStatusChange":false,"parameters":["2095"],"tags":[]}],"uid":"22dde68532c3e4bc6494756cf35583bc"},{"name":"Element not found {with text: 2095}\nExpected: visible\nScreenshot: file:/home/runner/work/AllureReport/AllureReport/build/reports/tests/1708963941461.2.png\nPage source: file:/home/runner/work/AllureReport/AllureReport/build/reports/tests/1708963941461.2.html\nTimeout: 4 s.\nCaused by: NoSuchElementException: no such element: Unable to locate element: {\"method\":\"xpath\",\"selector\":\".//*/text()[contains(normalize-space(translate(string(.), '","children":[{"name":"shouldSearchIssues(String) Should have selenide issues 2095","uid":"ab0e78c1a5c4cab8","parentUid":"c78d508b47a4cc54198cfc1e60ecbc59","status":"failed","time":{"start":1708963935285,"stop":1708963941695,"duration":6410},"flaky":false,"newFailed":false,"newPassed":false,"newBroken":false,"retriesCount":0,"retriesStatusChange":false,"parameters":["2095"],"tags":[]}],"uid":"c78d508b47a4cc54198cfc1e60ecbc59"}],"uid":"8fb3a91ba5aaf9de24cc8a92edc82b5d"}],"name":"categories"}