{"uid":"4b4757e66a1912dae1a509f688f20b0f","children":[{"name":"Product defects","children":[{"name":"Element not found {with text: 2095}\nExpected: visible\nScreenshot: file:/home/runner/work/AllureReport/AllureReport/build/reports/tests/1708963818606.0.png\nPage source: file:/home/runner/work/AllureReport/AllureReport/build/reports/tests/1708963818606.0.html\nTimeout: 4 s.\nCaused by: NoSuchElementException: no such element: Unable to locate element: {\"method\":\"xpath\",\"selector\":\".//*/text()[contains(normalize-space(translate(string(.), '","children":[{"name":"shouldSearchIssuesWithSteps(String) Test with steps, issues 2095","uid":"23438346650f8a03","parentUid":"a19daa1be1473508c49fa0e5ba6a0e55","status":"failed","time":{"start":1708963812377,"stop":1708963818998,"duration":6621},"flaky":false,"newFailed":false,"newPassed":false,"newBroken":false,"retriesCount":0,"retriesStatusChange":false,"parameters":["2095"],"tags":[]}],"uid":"a19daa1be1473508c49fa0e5ba6a0e55"},{"name":"Element not found {with text: 2095}\nExpected: visible\nScreenshot: file:/home/runner/work/AllureReport/AllureReport/build/reports/tests/1708963827678.1.png\nPage source: file:/home/runner/work/AllureReport/AllureReport/build/reports/tests/1708963827678.1.html\nTimeout: 4 s.\nCaused by: NoSuchElementException: no such element: Unable to locate element: {\"method\":\"xpath\",\"selector\":\".//*/text()[contains(normalize-space(translate(string(.), '","children":[{"name":"shouldSearchIssuesWithStepsClass(String) Test with steps class, issues 2095","uid":"bdd2d7fc80b95361","parentUid":"9b31a864650ce6885d87965bec44cec9","status":"failed","time":{"start":1708963821236,"stop":1708963827929,"duration":6693},"flaky":false,"newFailed":false,"newPassed":false,"newBroken":false,"retriesCount":0,"retriesStatusChange":false,"parameters":["2095"],"tags":[]}],"uid":"9b31a864650ce6885d87965bec44cec9"},{"name":"Element not found {with text: 2095}\nExpected: visible\nScreenshot: file:/home/runner/work/AllureReport/AllureReport/build/reports/tests/1708963836384.2.png\nPage source: file:/home/runner/work/AllureReport/AllureReport/build/reports/tests/1708963836384.2.html\nTimeout: 4 s.\nCaused by: NoSuchElementException: no such element: Unable to locate element: {\"method\":\"xpath\",\"selector\":\".//*/text()[contains(normalize-space(translate(string(.), '","children":[{"name":"shouldSearchIssues(String) Should have selenide issues 2095","uid":"15e133c844f6cc91","parentUid":"51bde332a4dcf60d657b62fc482330e2","status":"failed","time":{"start":1708963830214,"stop":1708963836626,"duration":6412},"flaky":false,"newFailed":false,"newPassed":false,"newBroken":false,"retriesCount":0,"retriesStatusChange":false,"parameters":["2095"],"tags":[]}],"uid":"51bde332a4dcf60d657b62fc482330e2"}],"uid":"8fb3a91ba5aaf9de24cc8a92edc82b5d"}],"name":"categories"}