{"uid":"4b4757e66a1912dae1a509f688f20b0f","children":[{"name":"Product defects","children":[{"name":"Element not found {with text: 2095}\nExpected: visible\nScreenshot: file:/home/runner/work/AllureReport/AllureReport/build/reports/tests/1708965405339.0.png\nPage source: file:/home/runner/work/AllureReport/AllureReport/build/reports/tests/1708965405339.0.html\nTimeout: 4 s.\nCaused by: NoSuchElementException: no such element: Unable to locate element: {\"method\":\"xpath\",\"selector\":\".//*/text()[contains(normalize-space(translate(string(.), '","children":[{"name":"shouldSearchIssuesWithSteps(String) Test with steps, issues 2095","uid":"bd9652352d22c831","parentUid":"f61435d37d214422ab62bc92eb623431","status":"failed","time":{"start":1708965399171,"stop":1708965405657,"duration":6486},"flaky":false,"newFailed":false,"newPassed":false,"newBroken":false,"retriesCount":0,"retriesStatusChange":false,"parameters":["2095"],"tags":[]}],"uid":"f61435d37d214422ab62bc92eb623431"},{"name":"Element not found {with text: 2095}\nExpected: visible\nScreenshot: file:/home/runner/work/AllureReport/AllureReport/build/reports/tests/1708965414806.1.png\nPage source: file:/home/runner/work/AllureReport/AllureReport/build/reports/tests/1708965414806.1.html\nTimeout: 4 s.\nCaused by: NoSuchElementException: no such element: Unable to locate element: {\"method\":\"xpath\",\"selector\":\".//*/text()[contains(normalize-space(translate(string(.), '","children":[{"name":"shouldSearchIssuesWithStepsClass(String) Test with steps class, issues 2095","uid":"b5762c94602c9a9e","parentUid":"bba045008928e1e598b214c80fd439b3","status":"failed","time":{"start":1708965408168,"stop":1708965415050,"duration":6882},"flaky":false,"newFailed":false,"newPassed":false,"newBroken":false,"retriesCount":0,"retriesStatusChange":false,"parameters":["2095"],"tags":[]}],"uid":"bba045008928e1e598b214c80fd439b3"},{"name":"Element not found {with text: 2095}\nExpected: visible\nScreenshot: file:/home/runner/work/AllureReport/AllureReport/build/reports/tests/1708965423467.2.png\nPage source: file:/home/runner/work/AllureReport/AllureReport/build/reports/tests/1708965423467.2.html\nTimeout: 4 s.\nCaused by: NoSuchElementException: no such element: Unable to locate element: {\"method\":\"xpath\",\"selector\":\".//*/text()[contains(normalize-space(translate(string(.), '","children":[{"name":"shouldSearchIssues(String) Should have selenide issues 2095","uid":"ee1e6046ebb9f9de","parentUid":"90abcb16632bf3d1d7a4f83f309acafa","status":"failed","time":{"start":1708965417355,"stop":1708965423706,"duration":6351},"flaky":false,"newFailed":false,"newPassed":false,"newBroken":false,"retriesCount":0,"retriesStatusChange":false,"parameters":["2095"],"tags":[]}],"uid":"90abcb16632bf3d1d7a4f83f309acafa"}],"uid":"8fb3a91ba5aaf9de24cc8a92edc82b5d"}],"name":"categories"}