{"uid":"4b4757e66a1912dae1a509f688f20b0f","children":[{"name":"Product defects","children":[{"name":"Element not found {with text: 2095}\nExpected: visible\nScreenshot: file:/home/runner/work/AllureReport/AllureReport/build/reports/tests/1708885910150.0.png\nPage source: file:/home/runner/work/AllureReport/AllureReport/build/reports/tests/1708885910150.0.html\nTimeout: 4 s.\nCaused by: NoSuchElementException: no such element: Unable to locate element: {\"method\":\"xpath\",\"selector\":\".//*/text()[contains(normalize-space(translate(string(.), '","children":[{"name":"shouldSearchIssuesWithSteps(String) Test with steps, issues 2095","uid":"cc5427cb5ebbc025","parentUid":"0a77e5b79d72fa7e8de4a4dcf23dc702","status":"failed","time":{"start":1708885903975,"stop":1708885910560,"duration":6585},"flaky":false,"newFailed":false,"newPassed":false,"newBroken":false,"retriesCount":0,"retriesStatusChange":false,"parameters":["2095"],"tags":[]}],"uid":"0a77e5b79d72fa7e8de4a4dcf23dc702"},{"name":"Element not found {with text: 2095}\nExpected: visible\nScreenshot: file:/home/runner/work/AllureReport/AllureReport/build/reports/tests/1708885919994.1.png\nPage source: file:/home/runner/work/AllureReport/AllureReport/build/reports/tests/1708885919994.1.html\nTimeout: 4 s.\nCaused by: NoSuchElementException: no such element: Unable to locate element: {\"method\":\"xpath\",\"selector\":\".//*/text()[contains(normalize-space(translate(string(.), '","children":[{"name":"shouldSearchIssuesWithStepsClass(String) Test with steps class, issues 2095","uid":"43eb857c25c7ab47","parentUid":"9908a7036787ac3731a47797867a711d","status":"failed","time":{"start":1708885913377,"stop":1708885920234,"duration":6857},"flaky":false,"newFailed":false,"newPassed":false,"newBroken":false,"retriesCount":0,"retriesStatusChange":false,"parameters":["2095"],"tags":[]}],"uid":"9908a7036787ac3731a47797867a711d"},{"name":"Element not found {with text: 2095}\nExpected: visible\nScreenshot: file:/home/runner/work/AllureReport/AllureReport/build/reports/tests/1708885928795.2.png\nPage source: file:/home/runner/work/AllureReport/AllureReport/build/reports/tests/1708885928795.2.html\nTimeout: 4 s.\nCaused by: NoSuchElementException: no such element: Unable to locate element: {\"method\":\"xpath\",\"selector\":\".//*/text()[contains(normalize-space(translate(string(.), '","children":[{"name":"shouldSearchIssues(String) Should have selenide issues 2095","uid":"d689aee5abd43363","parentUid":"3f2d0157acb52f9cbe3740b1b8a969b7","status":"failed","time":{"start":1708885922658,"stop":1708885929037,"duration":6379},"flaky":false,"newFailed":false,"newPassed":false,"newBroken":false,"retriesCount":0,"retriesStatusChange":false,"parameters":["2095"],"tags":[]}],"uid":"3f2d0157acb52f9cbe3740b1b8a969b7"}],"uid":"8fb3a91ba5aaf9de24cc8a92edc82b5d"}],"name":"categories"}